<?xml version="1.0" encoding="UTF-8"?>
<!-- Generated by org.testng.reporters.JUnitReportReporter -->
<testsuite skipped="0" hostname="LAPTOP-45MJ35M6" name="com.qa.tests.PostAPITest" tests="1" failures="0" timestamp="2020-08-25T16:18:41 IST" time="1.643" errors="0">
  <testcase name="postAPITest" time="1.643" classname="com.qa.tests.PostAPITest"/>
  <system-out/>
</testsuite> <!-- com.qa.tests.PostAPITest -->
