<?xml version="1.0" encoding="UTF-8"?>
<!-- Generated by org.testng.reporters.JUnitReportReporter -->
<testsuite skipped="0" hostname="LAPTOP-45MJ35M6" name="com.qa.tests.GetAPITest" tests="2" failures="0" timestamp="2020-08-25T14:17:13 IST" time="2.166" errors="0">
  <testcase name="getAPITestWithHeaders" time="1.758" classname="com.qa.tests.GetAPITest"/>
  <system-out/>
  <testcase name="getAPITestWithoutHeaders" time="0.408" classname="com.qa.tests.GetAPITest"/>
  <system-out/>
</testsuite> <!-- com.qa.tests.GetAPITest -->
